2026-04-29 22:46:30,605 - MergingPipeline - INFO - Pipeline initialized with config from <in-memory-config>
2026-04-29 22:46:30,606 - MergingPipeline - INFO - Block 1 (Query): mode=lsa, reduce=False
2026-04-29 22:46:30,606 - MergingPipeline - INFO - Block 2 (Retrieval): local_bow
2026-04-29 22:46:30,606 - MergingPipeline - INFO - Block 3 (Ranking): lsa
2026-04-29 22:46:30,606 - MergingPipeline - INFO - Loading dataset...
2026-04-29 22:46:30,611 - MergingPipeline - INFO - Dataset loaded: 225 queries, 1400 documents
2026-04-29 22:46:30,611 - MergingPipeline - INFO - Preprocessing documents...
2026-04-29 22:46:30,621 - MergingPipeline - INFO - Building retrieval index...
2026-04-29 22:46:31,026 - MergingPipeline - INFO - Processing queries...
2026-04-29 22:46:31,027 - MergingPipeline - INFO - Applying Block 1 processing (expansion=lsa, reduce=False)...
2026-04-29 22:46:35,114 - MergingPipeline - INFO - Ranking with Block 2/3 (retrieval=local_bow, ranking=lsa)...
2026-04-29 22:46:41,169 - MergingPipeline - INFO - Evaluating results...
2026-04-29 22:46:41,179 - MergingPipeline - INFO - Metrics: {'k': 1, 'precision': 0.6711111111111111, 'recall': 0.10873554802906783, 'map': 0.6711111111111111, 'ndcg': 0.6711111111111111, 'mrr': 0.6711111111111111}
2026-04-29 22:46:41,180 - MergingPipeline - INFO - Metrics: {'k': 3, 'precision': 0.5037037037037037, 'recall': 0.23656919985502242, 'map': 0.4646913580246913, 'ndcg': 0.5416180739782904, 'mrr': 0.7333333333333333}
2026-04-29 22:46:41,180 - MergingPipeline - INFO - Metrics: {'k': 5, 'precision': 0.4035555555555556, 'recall': 0.30981740131635155, 'map': 0.38130740740740743, 'ndcg': 0.48930681334095905, 'mrr': 0.7444444444444445}
2026-04-29 22:46:41,181 - MergingPipeline - INFO - Metrics: {'k': 10, 'precision': 0.28844444444444445, 'recall': 0.4152127165934219, 'map': 0.33868058495002934, 'ndcg': 0.4725303230755017, 'mrr': 0.7518677248677248}
2026-04-29 22:46:41,181 - MergingPipeline - INFO - Metrics: {'precision@10': 0.28844444444444445, 'recall@10': 0.4152127165934219, 'map@10': 0.33868058495002934, 'ndcg@10': 0.4725303230755017, 'mrr@10': 0.7518677248677248}
2026-04-29 22:46:41,181 - MergingPipeline - INFO - Metrics: {'precision@10': 0.28844444444444445, 'recall@10': 0.4152127165934219, 'map@10': 0.33868058495002934, 'ndcg@10': 0.4725303230755017, 'mrr@10': 0.7518677248677248}
2026-04-29 22:46:41,258 - MergingPipeline - INFO - Results saved to /home/crimson/Projects/Acads/NLP/Project/NLP_ASSIGNMENT2/project/merging/output/results.json
2026-04-29 22:46:41,258 - MergingPipeline - INFO - Creating visualizations...
2026-04-29 22:46:41,999 - MergingPipeline - INFO - Plot saved to /home/crimson/Projects/Acads/NLP/Project/NLP_ASSIGNMENT2/project/merging/output/metrics_plot.png
