2026-04-29 22:54:56,543 - MergingPipeline - INFO - Pipeline initialized with config from <in-memory-config>
2026-04-29 22:54:56,544 - MergingPipeline - INFO - Block 1 (Query): mode=wordnet, reduce=False
2026-04-29 22:54:56,544 - MergingPipeline - INFO - Block 2 (Retrieval): local_bow
2026-04-29 22:54:56,544 - MergingPipeline - INFO - Block 3 (Ranking): tfidf
2026-04-29 22:54:56,544 - MergingPipeline - INFO - Loading dataset...
2026-04-29 22:54:56,549 - MergingPipeline - INFO - Dataset loaded: 225 queries, 1400 documents
2026-04-29 22:54:56,549 - MergingPipeline - INFO - Preprocessing documents...
2026-04-29 22:54:56,558 - MergingPipeline - INFO - Building retrieval index...
2026-04-29 22:54:56,922 - MergingPipeline - INFO - Processing queries...
2026-04-29 22:54:56,922 - MergingPipeline - INFO - Applying Block 1 processing (expansion=wordnet, reduce=False)...
2026-04-29 22:54:58,720 - MergingPipeline - INFO - Ranking with Block 2/3 (retrieval=local_bow, ranking=tfidf)...
2026-04-29 22:54:58,788 - MergingPipeline - INFO - Evaluating results...
2026-04-29 22:54:58,797 - MergingPipeline - INFO - Metrics: {'k': 1, 'precision': 0.6, 'recall': 0.09962602356660219, 'map': 0.6, 'ndcg': 0.6, 'mrr': 0.6}
2026-04-29 22:54:58,798 - MergingPipeline - INFO - Metrics: {'k': 3, 'precision': 0.4622222222222222, 'recall': 0.21709232306442014, 'map': 0.425679012345679, 'ndcg': 0.49742768157197725, 'mrr': 0.677037037037037}
2026-04-29 22:54:58,799 - MergingPipeline - INFO - Metrics: {'k': 5, 'precision': 0.37155555555555553, 'recall': 0.2788686206623077, 'map': 0.3441370370370371, 'ndcg': 0.44772946119090806, 'mrr': 0.6899259259259258}
2026-04-29 22:54:58,799 - MergingPipeline - INFO - Metrics: {'k': 10, 'precision': 0.25866666666666666, 'recall': 0.3699215467735841, 'map': 0.3000183631477282, 'ndcg': 0.42760228573670084, 'mrr': 0.6974391534391534}
2026-04-29 22:54:58,799 - MergingPipeline - INFO - Metrics: {'precision@10': 0.25866666666666666, 'recall@10': 0.3699215467735841, 'map@10': 0.3000183631477282, 'ndcg@10': 0.42760228573670084, 'mrr@10': 0.6974391534391534}
2026-04-29 22:54:58,800 - MergingPipeline - INFO - Metrics: {'precision@10': 0.25866666666666666, 'recall@10': 0.3699215467735841, 'map@10': 0.3000183631477282, 'ndcg@10': 0.42760228573670084, 'mrr@10': 0.6974391534391534}
2026-04-29 22:54:58,873 - MergingPipeline - INFO - Results saved to /home/crimson/Projects/Acads/NLP/Project/NLP_ASSIGNMENT2/project/merging/output/results.json
2026-04-29 22:54:58,874 - MergingPipeline - INFO - Creating visualizations...
2026-04-29 22:54:59,615 - MergingPipeline - INFO - Plot saved to /home/crimson/Projects/Acads/NLP/Project/NLP_ASSIGNMENT2/project/merging/output/metrics_plot.png
