2026-04-29 22:44:13,951 - MergingPipeline - INFO - Pipeline initialized with config from <in-memory-config>
2026-04-29 22:44:13,951 - MergingPipeline - INFO - Block 1 (Query): mode=lsa, reduce=False
2026-04-29 22:44:13,951 - MergingPipeline - INFO - Block 2 (Retrieval): tfidf
2026-04-29 22:44:13,952 - MergingPipeline - INFO - Block 3 (Ranking): esa
2026-04-29 22:44:13,952 - MergingPipeline - INFO - Loading dataset...
2026-04-29 22:44:13,956 - MergingPipeline - INFO - Dataset loaded: 225 queries, 1400 documents
2026-04-29 22:44:13,957 - MergingPipeline - INFO - Preprocessing documents...
2026-04-29 22:44:13,966 - MergingPipeline - INFO - Building retrieval index...
2026-04-29 22:44:14,071 - MergingPipeline - INFO - Processing queries...
2026-04-29 22:44:14,071 - MergingPipeline - INFO - Applying Block 1 processing (expansion=lsa, reduce=False)...
2026-04-29 22:44:16,922 - MergingPipeline - INFO - Ranking with Block 2/3 (retrieval=tfidf, ranking=esa)...
2026-04-29 22:44:17,597 - MergingPipeline - INFO - Evaluating results...
2026-04-29 22:44:17,605 - MergingPipeline - INFO - Metrics: {'k': 1, 'precision': 0.6844444444444444, 'recall': 0.11202937765623078, 'map': 0.6844444444444444, 'ndcg': 0.6844444444444444, 'mrr': 0.6844444444444444}
2026-04-29 22:44:17,606 - MergingPipeline - INFO - Metrics: {'k': 3, 'precision': 0.5274074074074073, 'recall': 0.2525137244662137, 'map': 0.49061728395061727, 'ndcg': 0.564885978451184, 'mrr': 0.7451851851851853}
2026-04-29 22:44:17,607 - MergingPipeline - INFO - Metrics: {'k': 5, 'precision': 0.4364444444444445, 'recall': 0.3297354591606433, 'map': 0.4155086419753086, 'ndcg': 0.5194990390974608, 'mrr': 0.7560740740740741}
2026-04-29 22:44:17,607 - MergingPipeline - INFO - Metrics: {'k': 10, 'precision': 0.32666666666666666, 'recall': 0.4672888506285253, 'map': 0.38400170347974577, 'ndcg': 0.5166534157827638, 'mrr': 0.7637354497354497}
2026-04-29 22:44:17,608 - MergingPipeline - INFO - Metrics: {'precision@10': 0.32666666666666666, 'recall@10': 0.4672888506285253, 'map@10': 0.38400170347974577, 'ndcg@10': 0.5166534157827638, 'mrr@10': 0.7637354497354497}
2026-04-29 22:44:17,608 - MergingPipeline - INFO - Metrics: {'precision@10': 0.32666666666666666, 'recall@10': 0.4672888506285253, 'map@10': 0.38400170347974577, 'ndcg@10': 0.5166534157827638, 'mrr@10': 0.7637354497354497}
2026-04-29 22:44:17,676 - MergingPipeline - INFO - Results saved to /home/crimson/Projects/Acads/NLP/Project/NLP_ASSIGNMENT2/project/merging/output/results.json
2026-04-29 22:44:17,676 - MergingPipeline - INFO - Creating visualizations...
2026-04-29 22:44:18,396 - MergingPipeline - INFO - Plot saved to /home/crimson/Projects/Acads/NLP/Project/NLP_ASSIGNMENT2/project/merging/output/metrics_plot.png
