2026-04-29 23:04:19,103 - MergingPipeline - INFO - Pipeline initialized with config from <in-memory-config>
2026-04-29 23:04:19,103 - MergingPipeline - INFO - Block 1 (Query): mode=tfidf, reduce=False
2026-04-29 23:04:19,104 - MergingPipeline - INFO - Block 2 (Retrieval): local_bow
2026-04-29 23:04:19,104 - MergingPipeline - INFO - Block 3 (Ranking): tfidf
2026-04-29 23:04:19,104 - MergingPipeline - INFO - Loading dataset...
2026-04-29 23:04:19,109 - MergingPipeline - INFO - Dataset loaded: 225 queries, 1400 documents
2026-04-29 23:04:19,110 - MergingPipeline - INFO - Preprocessing documents...
2026-04-29 23:04:19,120 - MergingPipeline - INFO - Building retrieval index...
2026-04-29 23:04:19,534 - MergingPipeline - INFO - Processing queries...
2026-04-29 23:04:19,534 - MergingPipeline - INFO - Applying Block 1 processing (expansion=tfidf, reduce=False)...
2026-04-29 23:04:19,576 - MergingPipeline - INFO - Ranking with Block 2/3 (retrieval=local_bow, ranking=tfidf)...
2026-04-29 23:04:19,723 - MergingPipeline - INFO - Evaluating results...
2026-04-29 23:04:19,732 - MergingPipeline - INFO - Metrics: {'k': 1, 'precision': 0.6622222222222223, 'recall': 0.1121984943057396, 'map': 0.6622222222222223, 'ndcg': 0.6622222222222223, 'mrr': 0.6622222222222223}
2026-04-29 23:04:19,733 - MergingPipeline - INFO - Metrics: {'k': 3, 'precision': 0.4888888888888889, 'recall': 0.22953227817104188, 'map': 0.4506172839506173, 'ndcg': 0.5311554096929368, 'mrr': 0.7377777777777778}
2026-04-29 23:04:19,734 - MergingPipeline - INFO - Metrics: {'k': 5, 'precision': 0.392, 'recall': 0.29454013147767816, 'map': 0.37117654320987653, 'ndcg': 0.4788296276988414, 'mrr': 0.7444444444444445}
2026-04-29 23:04:19,734 - MergingPipeline - INFO - Metrics: {'k': 10, 'precision': 0.27599999999999997, 'recall': 0.39842459777601585, 'map': 0.326415752638504, 'ndcg': 0.4606363685308235, 'mrr': 0.7506296296296296}
2026-04-29 23:04:19,735 - MergingPipeline - INFO - Metrics: {'precision@10': 0.27599999999999997, 'recall@10': 0.39842459777601585, 'map@10': 0.326415752638504, 'ndcg@10': 0.4606363685308235, 'mrr@10': 0.7506296296296296}
2026-04-29 23:04:19,735 - MergingPipeline - INFO - Metrics: {'precision@10': 0.27599999999999997, 'recall@10': 0.39842459777601585, 'map@10': 0.326415752638504, 'ndcg@10': 0.4606363685308235, 'mrr@10': 0.7506296296296296}
2026-04-29 23:04:19,811 - MergingPipeline - INFO - Results saved to /home/crimson/Projects/Acads/NLP/Project/NLP_ASSIGNMENT2/project/merging/output/results.json
2026-04-29 23:04:19,811 - MergingPipeline - INFO - Creating visualizations...
2026-04-29 23:04:20,656 - MergingPipeline - INFO - Plot saved to /home/crimson/Projects/Acads/NLP/Project/NLP_ASSIGNMENT2/project/merging/output/metrics_plot.png
