2026-04-29 22:42:51,879 - MergingPipeline - INFO - Pipeline initialized with config from <in-memory-config>
2026-04-29 22:42:51,879 - MergingPipeline - INFO - Block 1 (Query): mode=none, reduce=True
2026-04-29 22:42:51,879 - MergingPipeline - INFO - Block 2 (Retrieval): local_bow
2026-04-29 22:42:51,880 - MergingPipeline - INFO - Block 3 (Ranking): esa
2026-04-29 22:42:51,880 - MergingPipeline - INFO - Loading dataset...
2026-04-29 22:42:51,885 - MergingPipeline - INFO - Dataset loaded: 225 queries, 1400 documents
2026-04-29 22:42:51,885 - MergingPipeline - INFO - Preprocessing documents...
2026-04-29 22:42:51,896 - MergingPipeline - INFO - Building retrieval index...
2026-04-29 22:42:52,266 - MergingPipeline - INFO - Processing queries...
2026-04-29 22:42:52,267 - MergingPipeline - INFO - Applying Block 1 processing (expansion=none, reduce=True)...
2026-04-29 22:42:52,415 - MergingPipeline - INFO - Ranking with Block 2/3 (retrieval=local_bow, ranking=esa)...
2026-04-29 22:42:53,153 - MergingPipeline - INFO - Evaluating results...
2026-04-29 22:42:53,161 - MergingPipeline - INFO - Metrics: {'k': 1, 'precision': 0.5022222222222222, 'recall': 0.07887216631274493, 'map': 0.5022222222222222, 'ndcg': 0.5022222222222222, 'mrr': 0.5022222222222222}
2026-04-29 22:42:53,162 - MergingPipeline - INFO - Metrics: {'k': 3, 'precision': 0.34370370370370373, 'recall': 0.15930471888525694, 'map': 0.3154320987654321, 'ndcg': 0.38006900580917846, 'mrr': 0.554074074074074}
2026-04-29 22:42:53,163 - MergingPipeline - INFO - Metrics: {'k': 5, 'precision': 0.3111111111111111, 'recall': 0.23467797545325034, 'map': 0.2761395061728395, 'ndcg': 0.3683720176698788, 'mrr': 0.5731851851851852}
2026-04-29 22:42:53,163 - MergingPipeline - INFO - Metrics: {'k': 10, 'precision': 0.23600000000000004, 'recall': 0.34485789393919714, 'map': 0.25094279275496206, 'ndcg': 0.36919495845653233, 'mrr': 0.5878959435626103}
2026-04-29 22:42:53,164 - MergingPipeline - INFO - Metrics: {'precision@10': 0.23600000000000004, 'recall@10': 0.34485789393919714, 'map@10': 0.25094279275496206, 'ndcg@10': 0.36919495845653233, 'mrr@10': 0.5878959435626103}
2026-04-29 22:42:53,164 - MergingPipeline - INFO - Metrics: {'precision@10': 0.23600000000000004, 'recall@10': 0.34485789393919714, 'map@10': 0.25094279275496206, 'ndcg@10': 0.36919495845653233, 'mrr@10': 0.5878959435626103}
2026-04-29 22:42:53,245 - MergingPipeline - INFO - Results saved to /home/crimson/Projects/Acads/NLP/Project/NLP_ASSIGNMENT2/project/merging/output/results.json
2026-04-29 22:42:53,246 - MergingPipeline - INFO - Creating visualizations...
2026-04-29 22:42:54,033 - MergingPipeline - INFO - Plot saved to /home/crimson/Projects/Acads/NLP/Project/NLP_ASSIGNMENT2/project/merging/output/metrics_plot.png
