2026-04-29 22:58:06,662 - MergingPipeline - INFO - Pipeline initialized with config from <in-memory-config>
2026-04-29 22:58:06,663 - MergingPipeline - INFO - Block 1 (Query): mode=wordnet, reduce=True
2026-04-29 22:58:06,663 - MergingPipeline - INFO - Block 2 (Retrieval): ngram
2026-04-29 22:58:06,663 - MergingPipeline - INFO - Block 3 (Ranking): lsa
2026-04-29 22:58:06,663 - MergingPipeline - INFO - Loading dataset...
2026-04-29 22:58:06,670 - MergingPipeline - INFO - Dataset loaded: 225 queries, 1400 documents
2026-04-29 22:58:06,670 - MergingPipeline - INFO - Preprocessing documents...
2026-04-29 22:58:06,680 - MergingPipeline - INFO - Building retrieval index...
2026-04-29 22:58:07,036 - MergingPipeline - INFO - Processing queries...
2026-04-29 22:58:07,037 - MergingPipeline - INFO - Applying Block 1 processing (expansion=wordnet, reduce=True)...
2026-04-29 22:58:08,908 - MergingPipeline - INFO - Ranking with Block 2/3 (retrieval=ngram, ranking=lsa)...
2026-04-29 22:58:14,560 - MergingPipeline - INFO - Evaluating results...
2026-04-29 22:58:14,568 - MergingPipeline - INFO - Metrics: {'k': 1, 'precision': 0.04, 'recall': 0.005919753086419753, 'map': 0.04, 'ndcg': 0.04, 'mrr': 0.04}
2026-04-29 22:58:14,569 - MergingPipeline - INFO - Metrics: {'k': 3, 'precision': 0.03259259259259259, 'recall': 0.01195569377408458, 'map': 0.02222222222222222, 'ndcg': 0.03451271394217165, 'mrr': 0.06370370370370369}
2026-04-29 22:58:14,570 - MergingPipeline - INFO - Metrics: {'k': 5, 'precision': 0.030222222222222227, 'recall': 0.022570381835233615, 'map': 0.01819259259259259, 'ndcg': 0.03418012615755387, 'mrr': 0.07148148148148149}
2026-04-29 22:58:14,571 - MergingPipeline - INFO - Metrics: {'k': 10, 'precision': 0.030222222222222227, 'recall': 0.043429997807977246, 'map': 0.016829453262786596, 'ndcg': 0.04038549558757445, 'mrr': 0.08403880070546738}
2026-04-29 22:58:14,571 - MergingPipeline - INFO - Metrics: {'precision@10': 0.030222222222222227, 'recall@10': 0.043429997807977246, 'map@10': 0.016829453262786596, 'ndcg@10': 0.04038549558757445, 'mrr@10': 0.08403880070546738}
2026-04-29 22:58:14,571 - MergingPipeline - INFO - Metrics: {'precision@10': 0.030222222222222227, 'recall@10': 0.043429997807977246, 'map@10': 0.016829453262786596, 'ndcg@10': 0.04038549558757445, 'mrr@10': 0.08403880070546738}
2026-04-29 22:58:14,668 - MergingPipeline - INFO - Results saved to /home/crimson/Projects/Acads/NLP/Project/NLP_ASSIGNMENT2/project/merging/output/results.json
2026-04-29 22:58:14,668 - MergingPipeline - INFO - Creating visualizations...
2026-04-29 22:58:15,371 - MergingPipeline - INFO - Plot saved to /home/crimson/Projects/Acads/NLP/Project/NLP_ASSIGNMENT2/project/merging/output/metrics_plot.png
