2026-04-29 22:59:38,109 - MergingPipeline - INFO - Pipeline initialized with config from <in-memory-config>
2026-04-29 22:59:38,109 - MergingPipeline - INFO - Block 1 (Query): mode=wordnet, reduce=True
2026-04-29 22:59:38,109 - MergingPipeline - INFO - Block 2 (Retrieval): local_bow
2026-04-29 22:59:38,109 - MergingPipeline - INFO - Block 3 (Ranking): lsa
2026-04-29 22:59:38,109 - MergingPipeline - INFO - Loading dataset...
2026-04-29 22:59:38,114 - MergingPipeline - INFO - Dataset loaded: 225 queries, 1400 documents
2026-04-29 22:59:38,115 - MergingPipeline - INFO - Preprocessing documents...
2026-04-29 22:59:38,125 - MergingPipeline - INFO - Building retrieval index...
2026-04-29 22:59:38,536 - MergingPipeline - INFO - Processing queries...
2026-04-29 22:59:38,536 - MergingPipeline - INFO - Applying Block 1 processing (expansion=wordnet, reduce=True)...
2026-04-29 22:59:40,723 - MergingPipeline - INFO - Ranking with Block 2/3 (retrieval=local_bow, ranking=lsa)...
2026-04-29 22:59:46,880 - MergingPipeline - INFO - Evaluating results...
2026-04-29 22:59:46,888 - MergingPipeline - INFO - Metrics: {'k': 1, 'precision': 0.22666666666666666, 'recall': 0.03531038352877433, 'map': 0.22666666666666666, 'ndcg': 0.22666666666666666, 'mrr': 0.22666666666666666}
2026-04-29 22:59:46,889 - MergingPipeline - INFO - Metrics: {'k': 3, 'precision': 0.16296296296296298, 'recall': 0.07516721331367429, 'map': 0.14209876543209876, 'ndcg': 0.1781317336331649, 'mrr': 0.2696296296296296}
2026-04-29 22:59:46,889 - MergingPipeline - INFO - Metrics: {'k': 5, 'precision': 0.14666666666666667, 'recall': 0.10648049738188166, 'map': 0.11978271604938272, 'ndcg': 0.17031311629143656, 'mrr': 0.2896296296296296}
2026-04-29 22:59:46,890 - MergingPipeline - INFO - Metrics: {'k': 10, 'precision': 0.11777777777777777, 'recall': 0.16278659650110844, 'map': 0.11085265530080346, 'ndcg': 0.17594096662986772, 'mrr': 0.30275837742504413}
2026-04-29 22:59:46,890 - MergingPipeline - INFO - Metrics: {'precision@10': 0.11777777777777777, 'recall@10': 0.16278659650110844, 'map@10': 0.11085265530080346, 'ndcg@10': 0.17594096662986772, 'mrr@10': 0.30275837742504413}
2026-04-29 22:59:46,890 - MergingPipeline - INFO - Metrics: {'precision@10': 0.11777777777777777, 'recall@10': 0.16278659650110844, 'map@10': 0.11085265530080346, 'ndcg@10': 0.17594096662986772, 'mrr@10': 0.30275837742504413}
2026-04-29 22:59:46,963 - MergingPipeline - INFO - Results saved to /home/crimson/Projects/Acads/NLP/Project/NLP_ASSIGNMENT2/project/merging/output/results.json
2026-04-29 22:59:46,963 - MergingPipeline - INFO - Creating visualizations...
2026-04-29 22:59:47,829 - MergingPipeline - INFO - Plot saved to /home/crimson/Projects/Acads/NLP/Project/NLP_ASSIGNMENT2/project/merging/output/metrics_plot.png
