2026-04-29 22:57:36,931 - MergingPipeline - INFO - Pipeline initialized with config from <in-memory-config>
2026-04-29 22:57:36,931 - MergingPipeline - INFO - Block 1 (Query): mode=wordnet, reduce=True
2026-04-29 22:57:36,931 - MergingPipeline - INFO - Block 2 (Retrieval): ngram
2026-04-29 22:57:36,931 - MergingPipeline - INFO - Block 3 (Ranking): tfidf
2026-04-29 22:57:36,931 - MergingPipeline - INFO - Loading dataset...
2026-04-29 22:57:36,937 - MergingPipeline - INFO - Dataset loaded: 225 queries, 1400 documents
2026-04-29 22:57:36,937 - MergingPipeline - INFO - Preprocessing documents...
2026-04-29 22:57:36,947 - MergingPipeline - INFO - Building retrieval index...
2026-04-29 22:57:37,301 - MergingPipeline - INFO - Processing queries...
2026-04-29 22:57:37,302 - MergingPipeline - INFO - Applying Block 1 processing (expansion=wordnet, reduce=True)...
2026-04-29 22:57:39,198 - MergingPipeline - INFO - Ranking with Block 2/3 (retrieval=ngram, ranking=tfidf)...
2026-04-29 22:57:39,287 - MergingPipeline - INFO - Evaluating results...
2026-04-29 22:57:39,294 - MergingPipeline - INFO - Metrics: {'k': 1, 'precision': 0.04, 'recall': 0.005919753086419753, 'map': 0.04, 'ndcg': 0.04, 'mrr': 0.04}
2026-04-29 22:57:39,295 - MergingPipeline - INFO - Metrics: {'k': 3, 'precision': 0.03407407407407407, 'recall': 0.013437175255566059, 'map': 0.023209876543209874, 'ndcg': 0.03555555555555555, 'mrr': 0.06370370370370369}
2026-04-29 22:57:39,295 - MergingPipeline - INFO - Metrics: {'k': 5, 'precision': 0.029333333333333336, 'recall': 0.02094075220560399, 'map': 0.018113580246913577, 'ndcg': 0.03349251701240119, 'mrr': 0.0705925925925926}
2026-04-29 22:57:39,296 - MergingPipeline - INFO - Metrics: {'k': 10, 'precision': 0.030222222222222227, 'recall': 0.04323909743546767, 'map': 0.017429253800285545, 'ndcg': 0.04071279657909234, 'mrr': 0.08328395061728394}
2026-04-29 22:57:39,296 - MergingPipeline - INFO - Metrics: {'precision@10': 0.030222222222222227, 'recall@10': 0.04323909743546767, 'map@10': 0.017429253800285545, 'ndcg@10': 0.04071279657909234, 'mrr@10': 0.08328395061728394}
2026-04-29 22:57:39,296 - MergingPipeline - INFO - Metrics: {'precision@10': 0.030222222222222227, 'recall@10': 0.04323909743546767, 'map@10': 0.017429253800285545, 'ndcg@10': 0.04071279657909234, 'mrr@10': 0.08328395061728394}
2026-04-29 22:57:39,373 - MergingPipeline - INFO - Results saved to /home/crimson/Projects/Acads/NLP/Project/NLP_ASSIGNMENT2/project/merging/output/results.json
2026-04-29 22:57:39,373 - MergingPipeline - INFO - Creating visualizations...
2026-04-29 22:57:40,110 - MergingPipeline - INFO - Plot saved to /home/crimson/Projects/Acads/NLP/Project/NLP_ASSIGNMENT2/project/merging/output/metrics_plot.png
