2026-04-29 23:03:49,780 - MergingPipeline - INFO - Pipeline initialized with config from <in-memory-config>
2026-04-29 23:03:49,780 - MergingPipeline - INFO - Block 1 (Query): mode=tfidf, reduce=False
2026-04-29 23:03:49,781 - MergingPipeline - INFO - Block 2 (Retrieval): ngram
2026-04-29 23:03:49,781 - MergingPipeline - INFO - Block 3 (Ranking): esa
2026-04-29 23:03:49,781 - MergingPipeline - INFO - Loading dataset...
2026-04-29 23:03:49,786 - MergingPipeline - INFO - Dataset loaded: 225 queries, 1400 documents
2026-04-29 23:03:49,787 - MergingPipeline - INFO - Preprocessing documents...
2026-04-29 23:03:49,797 - MergingPipeline - INFO - Building retrieval index...
2026-04-29 23:03:50,191 - MergingPipeline - INFO - Processing queries...
2026-04-29 23:03:50,191 - MergingPipeline - INFO - Applying Block 1 processing (expansion=tfidf, reduce=False)...
2026-04-29 23:03:50,239 - MergingPipeline - INFO - Ranking with Block 2/3 (retrieval=ngram, ranking=esa)...
2026-04-29 23:03:50,635 - MergingPipeline - INFO - Evaluating results...
2026-04-29 23:03:50,645 - MergingPipeline - INFO - Metrics: {'k': 1, 'precision': 0.2, 'recall': 0.035112999431390235, 'map': 0.2, 'ndcg': 0.2, 'mrr': 0.2}
2026-04-29 23:03:50,647 - MergingPipeline - INFO - Metrics: {'k': 3, 'precision': 0.1703703703703704, 'recall': 0.08300349924996024, 'map': 0.1330864197530864, 'ndcg': 0.17677872524007013, 'mrr': 0.2696296296296296}
2026-04-29 23:03:50,647 - MergingPipeline - INFO - Metrics: {'k': 5, 'precision': 0.15200000000000002, 'recall': 0.11826715562674424, 'map': 0.11454444444444445, 'ndcg': 0.1744159001545267, 'mrr': 0.2938518518518518}
2026-04-29 23:03:50,648 - MergingPipeline - INFO - Metrics: {'k': 10, 'precision': 0.116, 'recall': 0.168542500547084, 'map': 0.101508471207413, 'ndcg': 0.17608153127081214, 'mrr': 0.30975308641975313}
2026-04-29 23:03:50,648 - MergingPipeline - INFO - Metrics: {'precision@10': 0.116, 'recall@10': 0.168542500547084, 'map@10': 0.101508471207413, 'ndcg@10': 0.17608153127081214, 'mrr@10': 0.30975308641975313}
2026-04-29 23:03:50,648 - MergingPipeline - INFO - Metrics: {'precision@10': 0.116, 'recall@10': 0.168542500547084, 'map@10': 0.101508471207413, 'ndcg@10': 0.17608153127081214, 'mrr@10': 0.30975308641975313}
2026-04-29 23:03:50,722 - MergingPipeline - INFO - Results saved to /home/crimson/Projects/Acads/NLP/Project/NLP_ASSIGNMENT2/project/merging/output/results.json
2026-04-29 23:03:50,722 - MergingPipeline - INFO - Creating visualizations...
2026-04-29 23:03:51,476 - MergingPipeline - INFO - Plot saved to /home/crimson/Projects/Acads/NLP/Project/NLP_ASSIGNMENT2/project/merging/output/metrics_plot.png
