2026-04-29 22:45:08,889 - MergingPipeline - INFO - Pipeline initialized with config from <in-memory-config>
2026-04-29 22:45:08,890 - MergingPipeline - INFO - Block 1 (Query): mode=lsa, reduce=False
2026-04-29 22:45:08,890 - MergingPipeline - INFO - Block 2 (Retrieval): ngram
2026-04-29 22:45:08,890 - MergingPipeline - INFO - Block 3 (Ranking): lsa
2026-04-29 22:45:08,890 - MergingPipeline - INFO - Loading dataset...
2026-04-29 22:45:08,895 - MergingPipeline - INFO - Dataset loaded: 225 queries, 1400 documents
2026-04-29 22:45:08,896 - MergingPipeline - INFO - Preprocessing documents...
2026-04-29 22:45:08,905 - MergingPipeline - INFO - Building retrieval index...
2026-04-29 22:45:09,251 - MergingPipeline - INFO - Processing queries...
2026-04-29 22:45:09,252 - MergingPipeline - INFO - Applying Block 1 processing (expansion=lsa, reduce=False)...
2026-04-29 22:45:11,991 - MergingPipeline - INFO - Ranking with Block 2/3 (retrieval=ngram, ranking=lsa)...
2026-04-29 22:45:16,699 - MergingPipeline - INFO - Evaluating results...
2026-04-29 22:45:16,708 - MergingPipeline - INFO - Metrics: {'k': 1, 'precision': 0.3688888888888889, 'recall': 0.06507065346943643, 'map': 0.3688888888888889, 'ndcg': 0.3688888888888889, 'mrr': 0.3688888888888889}
2026-04-29 22:45:16,708 - MergingPipeline - INFO - Metrics: {'k': 3, 'precision': 0.2651851851851852, 'recall': 0.1380212007456198, 'map': 0.2219753086419753, 'ndcg': 0.2871115508168434, 'mrr': 0.44592592592592584}
2026-04-29 22:45:16,709 - MergingPipeline - INFO - Metrics: {'k': 5, 'precision': 0.2071111111111111, 'recall': 0.16641632261931893, 'map': 0.1794753086419753, 'ndcg': 0.25992479228793713, 'mrr': 0.45948148148148144}
2026-04-29 22:45:16,709 - MergingPipeline - INFO - Metrics: {'k': 10, 'precision': 0.14311111111111113, 'recall': 0.2152734968902187, 'map': 0.1539672594552224, 'ndcg': 0.2493242405062142, 'mrr': 0.4713121693121693}
2026-04-29 22:45:16,710 - MergingPipeline - INFO - Metrics: {'precision@10': 0.14311111111111113, 'recall@10': 0.2152734968902187, 'map@10': 0.1539672594552224, 'ndcg@10': 0.2493242405062142, 'mrr@10': 0.4713121693121693}
2026-04-29 22:45:16,710 - MergingPipeline - INFO - Metrics: {'precision@10': 0.14311111111111113, 'recall@10': 0.2152734968902187, 'map@10': 0.1539672594552224, 'ndcg@10': 0.2493242405062142, 'mrr@10': 0.4713121693121693}
2026-04-29 22:45:16,795 - MergingPipeline - INFO - Results saved to /home/crimson/Projects/Acads/NLP/Project/NLP_ASSIGNMENT2/project/merging/output/results.json
2026-04-29 22:45:16,796 - MergingPipeline - INFO - Creating visualizations...
2026-04-29 22:45:17,546 - MergingPipeline - INFO - Plot saved to /home/crimson/Projects/Acads/NLP/Project/NLP_ASSIGNMENT2/project/merging/output/metrics_plot.png
