2026-04-29 22:54:07,871 - MergingPipeline - INFO - Pipeline initialized with config from <in-memory-config>
2026-04-29 22:54:07,872 - MergingPipeline - INFO - Block 1 (Query): mode=wordnet, reduce=False
2026-04-29 22:54:07,872 - MergingPipeline - INFO - Block 2 (Retrieval): ngram
2026-04-29 22:54:07,872 - MergingPipeline - INFO - Block 3 (Ranking): lsa
2026-04-29 22:54:07,872 - MergingPipeline - INFO - Loading dataset...
2026-04-29 22:54:07,876 - MergingPipeline - INFO - Dataset loaded: 225 queries, 1400 documents
2026-04-29 22:54:07,877 - MergingPipeline - INFO - Preprocessing documents...
2026-04-29 22:54:07,885 - MergingPipeline - INFO - Building retrieval index...
2026-04-29 22:54:08,232 - MergingPipeline - INFO - Processing queries...
2026-04-29 22:54:08,232 - MergingPipeline - INFO - Applying Block 1 processing (expansion=wordnet, reduce=False)...
2026-04-29 22:54:09,905 - MergingPipeline - INFO - Ranking with Block 2/3 (retrieval=ngram, ranking=lsa)...
2026-04-29 22:54:14,760 - MergingPipeline - INFO - Evaluating results...
2026-04-29 22:54:14,767 - MergingPipeline - INFO - Metrics: {'k': 1, 'precision': 0.07111111111111111, 'recall': 0.01138830560669641, 'map': 0.07111111111111111, 'ndcg': 0.07111111111111111, 'mrr': 0.07111111111111111}
2026-04-29 22:54:14,768 - MergingPipeline - INFO - Metrics: {'k': 3, 'precision': 0.06814814814814814, 'recall': 0.031576639665145415, 'map': 0.04888888888888889, 'ndcg': 0.06957158386616095, 'mrr': 0.1125925925925926}
2026-04-29 22:54:14,769 - MergingPipeline - INFO - Metrics: {'k': 5, 'precision': 0.05955555555555555, 'recall': 0.041564882371778925, 'map': 0.04144197530864198, 'ndcg': 0.06815807752445031, 'mrr': 0.12414814814814815}
2026-04-29 22:54:14,769 - MergingPipeline - INFO - Metrics: {'k': 10, 'precision': 0.049777777777777775, 'recall': 0.06620905645248551, 'map': 0.035115597967582096, 'ndcg': 0.07050948111869222, 'mrr': 0.14039506172839505}
2026-04-29 22:54:14,769 - MergingPipeline - INFO - Metrics: {'precision@10': 0.049777777777777775, 'recall@10': 0.06620905645248551, 'map@10': 0.035115597967582096, 'ndcg@10': 0.07050948111869222, 'mrr@10': 0.14039506172839505}
2026-04-29 22:54:14,769 - MergingPipeline - INFO - Metrics: {'precision@10': 0.049777777777777775, 'recall@10': 0.06620905645248551, 'map@10': 0.035115597967582096, 'ndcg@10': 0.07050948111869222, 'mrr@10': 0.14039506172839505}
2026-04-29 22:54:14,840 - MergingPipeline - INFO - Results saved to /home/crimson/Projects/Acads/NLP/Project/NLP_ASSIGNMENT2/project/merging/output/results.json
2026-04-29 22:54:14,840 - MergingPipeline - INFO - Creating visualizations...
2026-04-29 22:54:15,599 - MergingPipeline - INFO - Plot saved to /home/crimson/Projects/Acads/NLP/Project/NLP_ASSIGNMENT2/project/merging/output/metrics_plot.png
