2026-04-29 22:40:08,571 - MergingPipeline - INFO - Pipeline initialized with config from <in-memory-config>
2026-04-29 22:40:08,571 - MergingPipeline - INFO - Block 1 (Query): mode=none, reduce=True
2026-04-29 22:40:08,571 - MergingPipeline - INFO - Block 2 (Retrieval): tfidf
2026-04-29 22:40:08,572 - MergingPipeline - INFO - Block 3 (Ranking): tfidf
2026-04-29 22:40:08,572 - MergingPipeline - INFO - Loading dataset...
2026-04-29 22:40:08,578 - MergingPipeline - INFO - Dataset loaded: 225 queries, 1400 documents
2026-04-29 22:40:08,578 - MergingPipeline - INFO - Preprocessing documents...
2026-04-29 22:40:08,589 - MergingPipeline - INFO - Building retrieval index...
2026-04-29 22:40:08,699 - MergingPipeline - INFO - Processing queries...
2026-04-29 22:40:08,699 - MergingPipeline - INFO - Applying Block 1 processing (expansion=none, reduce=True)...
2026-04-29 22:40:08,882 - MergingPipeline - INFO - Ranking with Block 2/3 (retrieval=tfidf, ranking=tfidf)...
2026-04-29 22:40:09,014 - MergingPipeline - INFO - Evaluating results...
2026-04-29 22:40:09,029 - MergingPipeline - INFO - Metrics: {'k': 1, 'precision': 0.5022222222222222, 'recall': 0.08230089359967656, 'map': 0.5022222222222222, 'ndcg': 0.5022222222222222, 'mrr': 0.5022222222222222}
2026-04-29 22:40:09,030 - MergingPipeline - INFO - Metrics: {'k': 3, 'precision': 0.3792592592592593, 'recall': 0.1786550218990488, 'map': 0.3361728395061728, 'ndcg': 0.41069865348746026, 'mrr': 0.5896296296296296}
2026-04-29 22:40:09,031 - MergingPipeline - INFO - Metrics: {'k': 5, 'precision': 0.3288888888888889, 'recall': 0.2460653087820306, 'map': 0.28928148148148153, 'ndcg': 0.38925889593595103, 'mrr': 0.6067407407407407}
2026-04-29 22:40:09,031 - MergingPipeline - INFO - Metrics: {'k': 10, 'precision': 0.22933333333333336, 'recall': 0.3372170896933788, 'map': 0.24847408527196888, 'ndcg': 0.3733635478622531, 'mrr': 0.6190934744268078}
2026-04-29 22:40:09,032 - MergingPipeline - INFO - Metrics: {'precision@10': 0.22933333333333336, 'recall@10': 0.3372170896933788, 'map@10': 0.24847408527196888, 'ndcg@10': 0.3733635478622531, 'mrr@10': 0.6190934744268078}
2026-04-29 22:40:09,032 - MergingPipeline - INFO - Metrics: {'precision@10': 0.22933333333333336, 'recall@10': 0.3372170896933788, 'map@10': 0.24847408527196888, 'ndcg@10': 0.3733635478622531, 'mrr@10': 0.6190934744268078}
2026-04-29 22:40:09,110 - MergingPipeline - INFO - Results saved to /home/crimson/Projects/Acads/NLP/Project/NLP_ASSIGNMENT2/project/merging/output/results.json
2026-04-29 22:40:09,110 - MergingPipeline - INFO - Creating visualizations...
2026-04-29 22:40:09,943 - MergingPipeline - INFO - Plot saved to /home/crimson/Projects/Acads/NLP/Project/NLP_ASSIGNMENT2/project/merging/output/metrics_plot.png
