2026-04-29 22:57:07,007 - MergingPipeline - INFO - Pipeline initialized with config from <in-memory-config>
2026-04-29 22:57:07,007 - MergingPipeline - INFO - Block 1 (Query): mode=wordnet, reduce=True
2026-04-29 22:57:07,007 - MergingPipeline - INFO - Block 2 (Retrieval): tfidf
2026-04-29 22:57:07,007 - MergingPipeline - INFO - Block 3 (Ranking): esa
2026-04-29 22:57:07,008 - MergingPipeline - INFO - Loading dataset...
2026-04-29 22:57:07,013 - MergingPipeline - INFO - Dataset loaded: 225 queries, 1400 documents
2026-04-29 22:57:07,013 - MergingPipeline - INFO - Preprocessing documents...
2026-04-29 22:57:07,022 - MergingPipeline - INFO - Building retrieval index...
2026-04-29 22:57:07,123 - MergingPipeline - INFO - Processing queries...
2026-04-29 22:57:07,123 - MergingPipeline - INFO - Applying Block 1 processing (expansion=wordnet, reduce=True)...
2026-04-29 22:57:08,974 - MergingPipeline - INFO - Ranking with Block 2/3 (retrieval=tfidf, ranking=esa)...
2026-04-29 22:57:09,557 - MergingPipeline - INFO - Evaluating results...
2026-04-29 22:57:09,565 - MergingPipeline - INFO - Metrics: {'k': 1, 'precision': 0.2311111111111111, 'recall': 0.036030329015386484, 'map': 0.2311111111111111, 'ndcg': 0.2311111111111111, 'mrr': 0.2311111111111111}
2026-04-29 22:57:09,566 - MergingPipeline - INFO - Metrics: {'k': 3, 'precision': 0.18518518518518517, 'recall': 0.08242908228425469, 'map': 0.1671604938271605, 'ndcg': 0.1960522411871218, 'mrr': 0.2644444444444444}
2026-04-29 22:57:09,567 - MergingPipeline - INFO - Metrics: {'k': 5, 'precision': 0.16622222222222224, 'recall': 0.12075964194571362, 'map': 0.14325925925925925, 'ndcg': 0.18781822167040957, 'mrr': 0.27911111111111114}
2026-04-29 22:57:09,567 - MergingPipeline - INFO - Metrics: {'k': 10, 'precision': 0.12666666666666668, 'recall': 0.17439861293640876, 'map': 0.12974163237311384, 'ndcg': 0.18834676819673865, 'mrr': 0.28896649029982363}
2026-04-29 22:57:09,567 - MergingPipeline - INFO - Metrics: {'precision@10': 0.12666666666666668, 'recall@10': 0.17439861293640876, 'map@10': 0.12974163237311384, 'ndcg@10': 0.18834676819673865, 'mrr@10': 0.28896649029982363}
2026-04-29 22:57:09,568 - MergingPipeline - INFO - Metrics: {'precision@10': 0.12666666666666668, 'recall@10': 0.17439861293640876, 'map@10': 0.12974163237311384, 'ndcg@10': 0.18834676819673865, 'mrr@10': 0.28896649029982363}
2026-04-29 22:57:09,645 - MergingPipeline - INFO - Results saved to /home/crimson/Projects/Acads/NLP/Project/NLP_ASSIGNMENT2/project/merging/output/results.json
2026-04-29 22:57:09,645 - MergingPipeline - INFO - Creating visualizations...
2026-04-29 22:57:10,363 - MergingPipeline - INFO - Plot saved to /home/crimson/Projects/Acads/NLP/Project/NLP_ASSIGNMENT2/project/merging/output/metrics_plot.png
