2026-04-29 22:42:28,134 - MergingPipeline - INFO - Pipeline initialized with config from <in-memory-config>
2026-04-29 22:42:28,135 - MergingPipeline - INFO - Block 1 (Query): mode=none, reduce=True
2026-04-29 22:42:28,135 - MergingPipeline - INFO - Block 2 (Retrieval): local_bow
2026-04-29 22:42:28,135 - MergingPipeline - INFO - Block 3 (Ranking): lsa
2026-04-29 22:42:28,135 - MergingPipeline - INFO - Loading dataset...
2026-04-29 22:42:28,140 - MergingPipeline - INFO - Dataset loaded: 225 queries, 1400 documents
2026-04-29 22:42:28,140 - MergingPipeline - INFO - Preprocessing documents...
2026-04-29 22:42:28,150 - MergingPipeline - INFO - Building retrieval index...
2026-04-29 22:42:28,555 - MergingPipeline - INFO - Processing queries...
2026-04-29 22:42:28,556 - MergingPipeline - INFO - Applying Block 1 processing (expansion=none, reduce=True)...
2026-04-29 22:42:28,715 - MergingPipeline - INFO - Ranking with Block 2/3 (retrieval=local_bow, ranking=lsa)...
2026-04-29 22:42:34,884 - MergingPipeline - INFO - Evaluating results...
2026-04-29 22:42:34,891 - MergingPipeline - INFO - Metrics: {'k': 1, 'precision': 0.4888888888888889, 'recall': 0.07753973149991797, 'map': 0.4888888888888889, 'ndcg': 0.4888888888888889, 'mrr': 0.4888888888888889}
2026-04-29 22:42:34,893 - MergingPipeline - INFO - Metrics: {'k': 3, 'precision': 0.38222222222222224, 'recall': 0.18095079869802475, 'map': 0.34172839506172836, 'ndcg': 0.4093731929590057, 'mrr': 0.5725925925925927}
2026-04-29 22:42:34,893 - MergingPipeline - INFO - Metrics: {'k': 5, 'precision': 0.31822222222222224, 'recall': 0.24439193584700505, 'map': 0.28649876543209885, 'ndcg': 0.3810375071542141, 'mrr': 0.5897037037037037}
2026-04-29 22:42:34,894 - MergingPipeline - INFO - Metrics: {'k': 10, 'precision': 0.24355555555555555, 'recall': 0.3536181630359987, 'map': 0.2587295813387083, 'ndcg': 0.38204393681229987, 'mrr': 0.6017178130511464}
2026-04-29 22:42:34,894 - MergingPipeline - INFO - Metrics: {'precision@10': 0.24355555555555555, 'recall@10': 0.3536181630359987, 'map@10': 0.2587295813387083, 'ndcg@10': 0.38204393681229987, 'mrr@10': 0.6017178130511464}
2026-04-29 22:42:34,894 - MergingPipeline - INFO - Metrics: {'precision@10': 0.24355555555555555, 'recall@10': 0.3536181630359987, 'map@10': 0.2587295813387083, 'ndcg@10': 0.38204393681229987, 'mrr@10': 0.6017178130511464}
2026-04-29 22:42:34,965 - MergingPipeline - INFO - Results saved to /home/crimson/Projects/Acads/NLP/Project/NLP_ASSIGNMENT2/project/merging/output/results.json
2026-04-29 22:42:34,965 - MergingPipeline - INFO - Creating visualizations...
2026-04-29 22:42:35,739 - MergingPipeline - INFO - Plot saved to /home/crimson/Projects/Acads/NLP/Project/NLP_ASSIGNMENT2/project/merging/output/metrics_plot.png
