2026-04-29 22:41:28,662 - MergingPipeline - INFO - Pipeline initialized with config from <in-memory-config>
2026-04-29 22:41:28,662 - MergingPipeline - INFO - Block 1 (Query): mode=none, reduce=True
2026-04-29 22:41:28,662 - MergingPipeline - INFO - Block 2 (Retrieval): ngram
2026-04-29 22:41:28,662 - MergingPipeline - INFO - Block 3 (Ranking): lsa
2026-04-29 22:41:28,663 - MergingPipeline - INFO - Loading dataset...
2026-04-29 22:41:28,667 - MergingPipeline - INFO - Dataset loaded: 225 queries, 1400 documents
2026-04-29 22:41:28,667 - MergingPipeline - INFO - Preprocessing documents...
2026-04-29 22:41:28,677 - MergingPipeline - INFO - Building retrieval index...
2026-04-29 22:41:29,069 - MergingPipeline - INFO - Processing queries...
2026-04-29 22:41:29,069 - MergingPipeline - INFO - Applying Block 1 processing (expansion=none, reduce=True)...
2026-04-29 22:41:29,230 - MergingPipeline - INFO - Ranking with Block 2/3 (retrieval=ngram, ranking=lsa)...
2026-04-29 22:41:35,482 - MergingPipeline - INFO - Evaluating results...
2026-04-29 22:41:35,493 - MergingPipeline - INFO - Metrics: {'k': 1, 'precision': 0.23555555555555555, 'recall': 0.03759624334796748, 'map': 0.23555555555555555, 'ndcg': 0.23555555555555555, 'mrr': 0.23555555555555555}
2026-04-29 22:41:35,494 - MergingPipeline - INFO - Metrics: {'k': 3, 'precision': 0.16740740740740737, 'recall': 0.07780338121469398, 'map': 0.13753086419753086, 'ndcg': 0.1827626969294647, 'mrr': 0.2903703703703704}
2026-04-29 22:41:35,494 - MergingPipeline - INFO - Metrics: {'k': 5, 'precision': 0.13955555555555554, 'recall': 0.10619086361935015, 'map': 0.1111185185185185, 'ndcg': 0.1712604141899912, 'mrr': 0.31237037037037035}
2026-04-29 22:41:35,495 - MergingPipeline - INFO - Metrics: {'k': 10, 'precision': 0.10222222222222224, 'recall': 0.14661157396813065, 'map': 0.09380003009434225, 'ndcg': 0.16502601428854752, 'mrr': 0.322663139329806}
2026-04-29 22:41:35,495 - MergingPipeline - INFO - Metrics: {'precision@10': 0.10222222222222224, 'recall@10': 0.14661157396813065, 'map@10': 0.09380003009434225, 'ndcg@10': 0.16502601428854752, 'mrr@10': 0.322663139329806}
2026-04-29 22:41:35,495 - MergingPipeline - INFO - Metrics: {'precision@10': 0.10222222222222224, 'recall@10': 0.14661157396813065, 'map@10': 0.09380003009434225, 'ndcg@10': 0.16502601428854752, 'mrr@10': 0.322663139329806}
2026-04-29 22:41:35,585 - MergingPipeline - INFO - Results saved to /home/crimson/Projects/Acads/NLP/Project/NLP_ASSIGNMENT2/project/merging/output/results.json
2026-04-29 22:41:35,585 - MergingPipeline - INFO - Creating visualizations...
2026-04-29 22:41:36,376 - MergingPipeline - INFO - Plot saved to /home/crimson/Projects/Acads/NLP/Project/NLP_ASSIGNMENT2/project/merging/output/metrics_plot.png
