2026-04-29 22:54:34,426 - MergingPipeline - INFO - Pipeline initialized with config from <in-memory-config>
2026-04-29 22:54:34,427 - MergingPipeline - INFO - Block 1 (Query): mode=wordnet, reduce=False
2026-04-29 22:54:34,427 - MergingPipeline - INFO - Block 2 (Retrieval): ngram
2026-04-29 22:54:34,427 - MergingPipeline - INFO - Block 3 (Ranking): esa
2026-04-29 22:54:34,427 - MergingPipeline - INFO - Loading dataset...
2026-04-29 22:54:34,432 - MergingPipeline - INFO - Dataset loaded: 225 queries, 1400 documents
2026-04-29 22:54:34,432 - MergingPipeline - INFO - Preprocessing documents...
2026-04-29 22:54:34,441 - MergingPipeline - INFO - Building retrieval index...
2026-04-29 22:54:34,787 - MergingPipeline - INFO - Processing queries...
2026-04-29 22:54:34,787 - MergingPipeline - INFO - Applying Block 1 processing (expansion=wordnet, reduce=False)...
2026-04-29 22:54:36,489 - MergingPipeline - INFO - Ranking with Block 2/3 (retrieval=ngram, ranking=esa)...
2026-04-29 22:54:36,817 - MergingPipeline - INFO - Evaluating results...
2026-04-29 22:54:36,824 - MergingPipeline - INFO - Metrics: {'k': 1, 'precision': 0.057777777777777775, 'recall': 0.008343171728229199, 'map': 0.057777777777777775, 'ndcg': 0.057777777777777775, 'mrr': 0.057777777777777775}
2026-04-29 22:54:36,825 - MergingPipeline - INFO - Metrics: {'k': 3, 'precision': 0.06370370370370369, 'recall': 0.03021418343257424, 'map': 0.044197530864197525, 'ndcg': 0.06276837820403987, 'mrr': 0.09555555555555556}
2026-04-29 22:54:36,826 - MergingPipeline - INFO - Metrics: {'k': 5, 'precision': 0.05422222222222222, 'recall': 0.03986425196770024, 'map': 0.03623703703703704, 'ndcg': 0.0600055404190165, 'mrr': 0.10644444444444444}
2026-04-29 22:54:36,826 - MergingPipeline - INFO - Metrics: {'k': 10, 'precision': 0.042222222222222223, 'recall': 0.058297922001370274, 'map': 0.03073332843425436, 'ndcg': 0.0598725454620575, 'mrr': 0.1167583774250441}
2026-04-29 22:54:36,827 - MergingPipeline - INFO - Metrics: {'precision@10': 0.042222222222222223, 'recall@10': 0.058297922001370274, 'map@10': 0.03073332843425436, 'ndcg@10': 0.0598725454620575, 'mrr@10': 0.1167583774250441}
2026-04-29 22:54:36,827 - MergingPipeline - INFO - Metrics: {'precision@10': 0.042222222222222223, 'recall@10': 0.058297922001370274, 'map@10': 0.03073332843425436, 'ndcg@10': 0.0598725454620575, 'mrr@10': 0.1167583774250441}
2026-04-29 22:54:36,900 - MergingPipeline - INFO - Results saved to /home/crimson/Projects/Acads/NLP/Project/NLP_ASSIGNMENT2/project/merging/output/results.json
2026-04-29 22:54:36,900 - MergingPipeline - INFO - Creating visualizations...
2026-04-29 22:54:37,633 - MergingPipeline - INFO - Plot saved to /home/crimson/Projects/Acads/NLP/Project/NLP_ASSIGNMENT2/project/merging/output/metrics_plot.png
