2026-04-29 22:58:41,350 - MergingPipeline - INFO - Pipeline initialized with config from <in-memory-config>
2026-04-29 22:58:41,350 - MergingPipeline - INFO - Block 1 (Query): mode=wordnet, reduce=True
2026-04-29 22:58:41,350 - MergingPipeline - INFO - Block 2 (Retrieval): ngram
2026-04-29 22:58:41,351 - MergingPipeline - INFO - Block 3 (Ranking): esa
2026-04-29 22:58:41,351 - MergingPipeline - INFO - Loading dataset...
2026-04-29 22:58:41,357 - MergingPipeline - INFO - Dataset loaded: 225 queries, 1400 documents
2026-04-29 22:58:41,357 - MergingPipeline - INFO - Preprocessing documents...
2026-04-29 22:58:41,371 - MergingPipeline - INFO - Building retrieval index...
2026-04-29 22:58:41,727 - MergingPipeline - INFO - Processing queries...
2026-04-29 22:58:41,727 - MergingPipeline - INFO - Applying Block 1 processing (expansion=wordnet, reduce=True)...
2026-04-29 22:58:43,911 - MergingPipeline - INFO - Ranking with Block 2/3 (retrieval=ngram, ranking=esa)...
2026-04-29 22:58:44,288 - MergingPipeline - INFO - Evaluating results...
2026-04-29 22:58:44,296 - MergingPipeline - INFO - Metrics: {'k': 1, 'precision': 0.03111111111111111, 'recall': 0.003697923259326768, 'map': 0.03111111111111111, 'ndcg': 0.03111111111111111, 'mrr': 0.03111111111111111}
2026-04-29 22:58:44,297 - MergingPipeline - INFO - Metrics: {'k': 3, 'precision': 0.02666666666666667, 'recall': 0.010906735519863165, 'map': 0.017777777777777778, 'ndcg': 0.027709508280050563, 'mrr': 0.050370370370370364}
2026-04-29 22:58:44,298 - MergingPipeline - INFO - Metrics: {'k': 5, 'precision': 0.02666666666666667, 'recall': 0.019219665994197145, 'map': 0.014434567901234567, 'ndcg': 0.028836738186132693, 'mrr': 0.06125925925925925}
2026-04-29 22:58:44,298 - MergingPipeline - INFO - Metrics: {'k': 10, 'precision': 0.024444444444444446, 'recall': 0.035527123014781815, 'map': 0.013381834215167547, 'ndcg': 0.033080238672911134, 'mrr': 0.06871428571428571}
2026-04-29 22:58:44,299 - MergingPipeline - INFO - Metrics: {'precision@10': 0.024444444444444446, 'recall@10': 0.035527123014781815, 'map@10': 0.013381834215167547, 'ndcg@10': 0.033080238672911134, 'mrr@10': 0.06871428571428571}
2026-04-29 22:58:44,299 - MergingPipeline - INFO - Metrics: {'precision@10': 0.024444444444444446, 'recall@10': 0.035527123014781815, 'map@10': 0.013381834215167547, 'ndcg@10': 0.033080238672911134, 'mrr@10': 0.06871428571428571}
2026-04-29 22:58:44,379 - MergingPipeline - INFO - Results saved to /home/crimson/Projects/Acads/NLP/Project/NLP_ASSIGNMENT2/project/merging/output/results.json
2026-04-29 22:58:44,379 - MergingPipeline - INFO - Creating visualizations...
2026-04-29 22:58:45,179 - MergingPipeline - INFO - Plot saved to /home/crimson/Projects/Acads/NLP/Project/NLP_ASSIGNMENT2/project/merging/output/metrics_plot.png
