2026-04-29 23:06:22,746 - MergingPipeline - INFO - Pipeline initialized with config from <in-memory-config>
2026-04-29 23:06:22,746 - MergingPipeline - INFO - Block 1 (Query): mode=tfidf, reduce=True
2026-04-29 23:06:22,746 - MergingPipeline - INFO - Block 2 (Retrieval): tfidf
2026-04-29 23:06:22,746 - MergingPipeline - INFO - Block 3 (Ranking): lsa
2026-04-29 23:06:22,746 - MergingPipeline - INFO - Loading dataset...
2026-04-29 23:06:22,751 - MergingPipeline - INFO - Dataset loaded: 225 queries, 1400 documents
2026-04-29 23:06:22,751 - MergingPipeline - INFO - Preprocessing documents...
2026-04-29 23:06:22,761 - MergingPipeline - INFO - Building retrieval index...
2026-04-29 23:06:22,862 - MergingPipeline - INFO - Processing queries...
2026-04-29 23:06:22,863 - MergingPipeline - INFO - Applying Block 1 processing (expansion=tfidf, reduce=True)...
2026-04-29 23:06:22,907 - MergingPipeline - INFO - Ranking with Block 2/3 (retrieval=tfidf, ranking=lsa)...
2026-04-29 23:06:29,380 - MergingPipeline - INFO - Evaluating results...
2026-04-29 23:06:29,388 - MergingPipeline - INFO - Metrics: {'k': 1, 'precision': 0.6888888888888889, 'recall': 0.11135785165137144, 'map': 0.6888888888888889, 'ndcg': 0.6888888888888889, 'mrr': 0.6888888888888889}
2026-04-29 23:06:29,389 - MergingPipeline - INFO - Metrics: {'k': 3, 'precision': 0.562962962962963, 'recall': 0.2710636824965639, 'map': 0.5159259259259259, 'ndcg': 0.5937372690451215, 'mrr': 0.7733333333333333}
2026-04-29 23:06:29,390 - MergingPipeline - INFO - Metrics: {'k': 5, 'precision': 0.44977777777777783, 'recall': 0.3439052911316924, 'map': 0.42947407407407406, 'ndcg': 0.536962984073072, 'mrr': 0.7806666666666667}
2026-04-29 23:06:29,390 - MergingPipeline - INFO - Metrics: {'k': 10, 'precision': 0.3186666666666666, 'recall': 0.4587354137345098, 'map': 0.38372331051762265, 'ndcg': 0.5179214804085462, 'mrr': 0.7850864197530865}
2026-04-29 23:06:29,390 - MergingPipeline - INFO - Metrics: {'precision@10': 0.3186666666666666, 'recall@10': 0.4587354137345098, 'map@10': 0.38372331051762265, 'ndcg@10': 0.5179214804085462, 'mrr@10': 0.7850864197530865}
2026-04-29 23:06:29,391 - MergingPipeline - INFO - Metrics: {'precision@10': 0.3186666666666666, 'recall@10': 0.4587354137345098, 'map@10': 0.38372331051762265, 'ndcg@10': 0.5179214804085462, 'mrr@10': 0.7850864197530865}
2026-04-29 23:06:29,471 - MergingPipeline - INFO - Results saved to /home/crimson/Projects/Acads/NLP/Project/NLP_ASSIGNMENT2/project/merging/output/results.json
2026-04-29 23:06:29,471 - MergingPipeline - INFO - Creating visualizations...
2026-04-29 23:06:30,246 - MergingPipeline - INFO - Plot saved to /home/crimson/Projects/Acads/NLP/Project/NLP_ASSIGNMENT2/project/merging/output/metrics_plot.png
